<?xml version="1.0" encoding="UTF-8"?>
<testng-results skipped="0" failed="0" ignored="0" total="1" passed="1">
  <reporter-output>
  </reporter-output>
  <suite name="Default suite" duration-ms="19126" started-at="2019-08-02T04:30:40Z" finished-at="2019-08-02T04:30:59Z">
    <groups>
    </groups>
    <test name="Default test" duration-ms="19126" started-at="2019-08-02T04:30:40Z" finished-at="2019-08-02T04:30:59Z">
      <class name="Test.registration_page_test">
        <test-method status="PASS" signature="registration_test()[pri:0, instance:Test.registration_page_test@4678c730]" name="registration_test" duration-ms="19084" started-at="2019-08-02T04:30:40Z" finished-at="2019-08-02T04:30:59Z">
          <reporter-output>
          </reporter-output>
        </test-method> <!-- registration_test -->
      </class> <!-- Test.registration_page_test -->
    </test> <!-- Default test -->
  </suite> <!-- Default suite -->
</testng-results>
